# JRE version: OpenJDK Runtime Environment (17.0.9) (build 17.0.9+0--11185874)
# Java VM: OpenJDK 64-Bit Server VM (17.0.9+0--11185874, mixed mode, tiered, compressed oops, compressed class ptrs, g1 gc, windows-amd64)
GC Precious Log:
 CPUs: 8 total, 8 available
 Memory: 32646M
 Large Page Support: Disabled
 NUMA Support: Disabled
 Compressed Oops: Enabled (32-bit)
 Heap Region Size: 1M
 Heap Min Capacity: 8M
 Heap Initial Capacity: 512M
 Heap Max Capacity: 2G
 Pre-touch: Disabled
 Parallel Workers: 8
 Concurrent Workers: 2
 Concurrent Refinement Workers: 8
 Periodic GC: Disabled
Heap:
 garbage-first heap   total 297984K, used 215466K [0x0000000080000000, 0x0000000100000000)
  region size 1024K, 172 young (176128K), 2 survivors (2048K)
 Metaspace       used 58802K, committed 59392K, reserved 1114112K
  class space    used 8034K, committed 8320K, reserved 1048576K
GC Heap History (20 events):
Event: 1.571 GC heap before
{Heap before GC invocations=1 (full 0):
 garbage-first heap   total 524288K, used 41404K [0x0000000080000000, 0x0000000100000000)
  region size 1024K, 33 young (33792K), 4 survivors (4096K)
 Metaspace       used 11437K, committed 11648K, reserved 1114112K
  class space    used 1188K, committed 1280K, reserved 1048576K
}
Event: 1.578 GC heap after
{Heap after GC invocations=2 (full 0):
 garbage-first heap   total 524288K, used 15300K [0x0000000080000000, 0x0000000100000000)
  region size 1024K, 5 young (5120K), 5 survivors (5120K)
 Metaspace       used 11437K, committed 11648K, reserved 1114112K
  class space    used 1188K, committed 1280K, reserved 1048576K
}
Event: 3.430 GC heap before
{Heap before GC invocations=2 (full 0):
 garbage-first heap   total 524288K, used 55236K [0x0000000080000000, 0x0000000100000000)
  region size 1024K, 45 young (46080K), 5 survivors (5120K)
 Metaspace       used 21283K, committed 21504K, reserved 1114112K
  class space    used 2511K, committed 2624K, reserved 1048576K
}
Event: 3.438 GC heap after
{Heap after GC invocations=3 (full 0):
 garbage-first heap   total 524288K, used 19201K [0x0000000080000000, 0x0000000100000000)
  region size 1024K, 9 young (9216K), 9 survivors (9216K)
 Metaspace       used 21283K, committed 21504K, reserved 1114112K
  class space    used 2511K, committed 2624K, reserved 1048576K
}
Event: 4.227 GC heap before
{Heap before GC invocations=4 (full 0):
 garbage-first heap   total 71680K, used 51969K [0x0000000080000000, 0x0000000100000000)
  region size 1024K, 42 young (43008K), 9 survivors (9216K)
 Metaspace       used 26486K, committed 26816K, reserved 1114112K
  class space    used 3402K, committed 3584K, reserved 1048576K
}
Event: 4.236 GC heap after
{Heap after GC invocations=5 (full 0):
 garbage-first heap   total 71680K, used 20586K [0x0000000080000000, 0x0000000100000000)
  region size 1024K, 3 young (3072K), 3 survivors (3072K)
 Metaspace       used 26486K, committed 26816K, reserved 1114112K
  class space    used 3402K, committed 3584K, reserved 1048576K
}
Event: 4.255 GC heap before
{Heap before GC invocations=5 (full 0):
 garbage-first heap   total 71680K, used 21610K [0x0000000080000000, 0x0000000100000000)
  region size 1024K, 4 young (4096K), 3 survivors (3072K)
 Metaspace       used 26611K, committed 26944K, reserved 1114112K
  class space    used 3427K, committed 3584K, reserved 1048576K
}
Event: 4.259 GC heap after
{Heap after GC invocations=6 (full 0):
 garbage-first heap   total 71680K, used 20877K [0x0000000080000000, 0x0000000100000000)
  region size 1024K, 1 young (1024K), 1 survivors (1024K)
 Metaspace       used 26611K, committed 26944K, reserved 1114112K
  class space    used 3427K, committed 3584K, reserved 1048576K
}
Event: 5.867 GC heap before
{Heap before GC invocations=6 (full 0):
 garbage-first heap   total 71680K, used 48525K [0x0000000080000000, 0x0000000100000000)
  region size 1024K, 29 young (29696K), 1 survivors (1024K)
 Metaspace       used 30583K, committed 30912K, reserved 1114112K
  class space    used 4072K, committed 4224K, reserved 1048576K
}
Event: 5.870 GC heap after
{Heap after GC invocations=7 (full 0):
 garbage-first heap   total 71680K, used 22089K [0x0000000080000000, 0x0000000100000000)
  region size 1024K, 2 young (2048K), 2 survivors (2048K)
 Metaspace       used 30583K, committed 30912K, reserved 1114112K
  class space    used 4072K, committed 4224K, reserved 1048576K
}
Event: 7.290 GC heap before
{Heap before GC invocations=7 (full 0):
 garbage-first heap   total 71680K, used 51785K [0x0000000080000000, 0x0000000100000000)
  region size 1024K, 31 young (31744K), 2 survivors (2048K)
 Metaspace       used 34250K, committed 34560K, reserved 1114112K
  class space    used 4668K, committed 4800K, reserved 1048576K
}
Event: 7.295 GC heap after
{Heap after GC invocations=8 (full 0):
 garbage-first heap   total 71680K, used 23357K [0x0000000080000000, 0x0000000100000000)
  region size 1024K, 3 young (3072K), 3 survivors (3072K)
 Metaspace       used 34250K, committed 34560K, reserved 1114112K
  class space    used 4668K, committed 4800K, reserved 1048576K
}
Event: 7.816 GC heap before
{Heap before GC invocations=8 (full 0):
 garbage-first heap   total 71680K, used 30525K [0x0000000080000000, 0x0000000100000000)
  region size 1024K, 11 young (11264K), 3 survivors (3072K)
 Metaspace       used 35723K, committed 35968K, reserved 1114112K
  class space    used 4865K, committed 4992K, reserved 1048576K
}
Event: 7.821 GC heap after
{Heap after GC invocations=9 (full 0):
 garbage-first heap   total 71680K, used 23650K [0x0000000080000000, 0x0000000100000000)
  region size 1024K, 2 young (2048K), 2 survivors (2048K)
 Metaspace       used 35723K, committed 35968K, reserved 1114112K
  class space    used 4865K, committed 4992K, reserved 1048576K
}
Event: 9.182 GC heap before
{Heap before GC invocations=10 (full 0):
 garbage-first heap   total 71680K, used 53346K [0x0000000080000000, 0x0000000100000000)
  region size 1024K, 32 young (32768K), 2 survivors (2048K)
 Metaspace       used 40976K, committed 41280K, reserved 1114112K
  class space    used 5419K, committed 5568K, reserved 1048576K
}
Event: 9.192 GC heap after
{Heap after GC invocations=11 (full 0):
 garbage-first heap   total 71680K, used 27604K [0x0000000080000000, 0x0000000100000000)
  region size 1024K, 4 young (4096K), 4 survivors (4096K)
 Metaspace       used 40976K, committed 41280K, reserved 1114112K
  class space    used 5419K, committed 5568K, reserved 1048576K
}
Event: 9.204 GC heap before
{Heap before GC invocations=11 (full 0):
 garbage-first heap   total 71680K, used 28628K [0x0000000080000000, 0x0000000100000000)
  region size 1024K, 5 young (5120K), 4 survivors (4096K)
 Metaspace       used 40976K, committed 41280K, reserved 1114112K
  class space    used 5419K, committed 5568K, reserved 1048576K
}
Event: 9.212 GC heap after
{Heap after GC invocations=12 (full 0):
 garbage-first heap   total 71680K, used 27953K [0x0000000080000000, 0x0000000100000000)
  region size 1024K, 1 young (1024K), 1 survivors (1024K)
 Metaspace       used 40976K, committed 41280K, reserved 1114112K
  class space    used 5419K, committed 5568K, reserved 1048576K
}
Event: 10.218 GC heap before
{Heap before GC invocations=12 (full 0):
 garbage-first heap   total 71680K, used 55601K [0x0000000080000000, 0x0000000100000000)
  region size 1024K, 27 young (27648K), 1 survivors (1024K)
 Metaspace       used 42922K, committed 43328K, reserved 1114112K
  class space    used 5611K, committed 5824K, reserved 1048576K
}
Event: 10.310 GC heap after
{Heap after GC invocations=13 (full 0):
 garbage-first heap   total 297984K, used 29098K [0x0000000080000000, 0x0000000100000000)
  region size 1024K, 2 young (2048K), 2 survivors (2048K)
 Metaspace       used 42922K, committed 43328K, reserved 1114112K
  class space    used 5611K, committed 5824K, reserved 1048576K
}

