# JRE version: OpenJDK Runtime Environment (17.0.9) (build 17.0.9+0--11185874)
# Java VM: OpenJDK 64-Bit Server VM (17.0.9+0--11185874, mixed mode, tiered, compressed oops, compressed class ptrs, g1 gc, windows-amd64)
GC Precious Log:
 CPUs: 8 total, 8 available
 Memory: 32646M
 Large Page Support: Disabled
 NUMA Support: Disabled
 Compressed Oops: Enabled (32-bit)
 Heap Region Size: 1M
 Heap Min Capacity: 8M
 Heap Initial Capacity: 512M
 Heap Max Capacity: 2G
 Pre-touch: Disabled
 Parallel Workers: 8
 Concurrent Workers: 2
 Concurrent Refinement Workers: 8
 Periodic GC: Disabled
Heap:
 garbage-first heap   total 279552K, used 157708K [0x0000000080000000, 0x0000000100000000)
  region size 1024K, 5 young (5120K), 5 survivors (5120K)
 Metaspace       used 110733K, committed 111488K, reserved 1179648K
  class space    used 15051K, committed 15424K, reserved 1048576K
GC Heap History (20 events):
Event: 56.142 GC heap after
{Heap after GC invocations=24 (full 0):
 garbage-first heap   total 211968K, used 103384K [0x0000000080000000, 0x0000000100000000)
  region size 1024K, 11 young (11264K), 11 survivors (11264K)
 Metaspace       used 103733K, committed 104384K, reserved 1179648K
  class space    used 14279K, committed 14592K, reserved 1048576K
}
Event: 56.150 GC heap before
{Heap before GC invocations=24 (full 0):
 garbage-first heap   total 211968K, used 104408K [0x0000000080000000, 0x0000000100000000)
  region size 1024K, 12 young (12288K), 11 survivors (11264K)
 Metaspace       used 103741K, committed 104384K, reserved 1179648K
  class space    used 14279K, committed 14592K, reserved 1048576K
}
Event: 56.160 GC heap after
{Heap after GC invocations=25 (full 0):
 garbage-first heap   total 211968K, used 105190K [0x0000000080000000, 0x0000000100000000)
  region size 1024K, 2 young (2048K), 2 survivors (2048K)
 Metaspace       used 103741K, committed 104384K, reserved 1179648K
  class space    used 14279K, committed 14592K, reserved 1048576K
}
Event: 58.846 GC heap before
{Heap before GC invocations=25 (full 0):
 garbage-first heap   total 211968K, used 172774K [0x0000000080000000, 0x0000000100000000)
  region size 1024K, 66 young (67584K), 2 survivors (2048K)
 Metaspace       used 106004K, committed 106752K, reserved 1179648K
  class space    used 14549K, committed 14912K, reserved 1048576K
}
Event: 58.860 GC heap after
{Heap after GC invocations=26 (full 0):
 garbage-first heap   total 211968K, used 120510K [0x0000000080000000, 0x0000000100000000)
  region size 1024K, 9 young (9216K), 9 survivors (9216K)
 Metaspace       used 106004K, committed 106752K, reserved 1179648K
  class space    used 14549K, committed 14912K, reserved 1048576K
}
Event: 60.097 GC heap before
{Heap before GC invocations=27 (full 0):
 garbage-first heap   total 220160K, used 168638K [0x0000000080000000, 0x0000000100000000)
  region size 1024K, 53 young (54272K), 9 survivors (9216K)
 Metaspace       used 106585K, committed 107392K, reserved 1179648K
  class space    used 14602K, committed 14976K, reserved 1048576K
}
Event: 60.130 GC heap after
{Heap after GC invocations=28 (full 0):
 garbage-first heap   total 220160K, used 142336K [0x0000000080000000, 0x0000000100000000)
  region size 1024K, 7 young (7168K), 7 survivors (7168K)
 Metaspace       used 106585K, committed 107392K, reserved 1179648K
  class space    used 14602K, committed 14976K, reserved 1048576K
}
Event: 60.600 GC heap before
{Heap before GC invocations=28 (full 0):
 garbage-first heap   total 220160K, used 171008K [0x0000000080000000, 0x0000000100000000)
  region size 1024K, 10 young (10240K), 7 survivors (7168K)
 Metaspace       used 106700K, committed 107456K, reserved 1179648K
  class space    used 14611K, committed 14976K, reserved 1048576K
}
Event: 60.618 GC heap after
{Heap after GC invocations=29 (full 0):
 garbage-first heap   total 220160K, used 141098K [0x0000000080000000, 0x0000000100000000)
  region size 1024K, 2 young (2048K), 2 survivors (2048K)
 Metaspace       used 106700K, committed 107456K, reserved 1179648K
  class space    used 14611K, committed 14976K, reserved 1048576K
}
Event: 61.716 GC heap before
{Heap before GC invocations=29 (full 0):
 garbage-first heap   total 220160K, used 170794K [0x0000000080000000, 0x0000000100000000)
  region size 1024K, 32 young (32768K), 2 survivors (2048K)
 Metaspace       used 108595K, committed 109376K, reserved 1179648K
  class space    used 14809K, committed 15232K, reserved 1048576K
}
Event: 61.722 GC heap after
{Heap after GC invocations=30 (full 0):
 garbage-first heap   total 220160K, used 142082K [0x0000000080000000, 0x0000000100000000)
  region size 1024K, 3 young (3072K), 3 survivors (3072K)
 Metaspace       used 108595K, committed 109376K, reserved 1179648K
  class space    used 14809K, committed 15232K, reserved 1048576K
}
Event: 62.424 GC heap before
{Heap before GC invocations=30 (full 0):
 garbage-first heap   total 220160K, used 173826K [0x0000000080000000, 0x0000000100000000)
  region size 1024K, 35 young (35840K), 3 survivors (3072K)
 Metaspace       used 109327K, committed 110080K, reserved 1179648K
  class space    used 14898K, committed 15296K, reserved 1048576K
}
Event: 62.431 GC heap after
{Heap after GC invocations=31 (full 0):
 garbage-first heap   total 220160K, used 144122K [0x0000000080000000, 0x0000000100000000)
  region size 1024K, 5 young (5120K), 5 survivors (5120K)
 Metaspace       used 109327K, committed 110080K, reserved 1179648K
  class space    used 14898K, committed 15296K, reserved 1048576K
}
Event: 63.114 GC heap before
{Heap before GC invocations=31 (full 0):
 garbage-first heap   total 220160K, used 176890K [0x0000000080000000, 0x0000000100000000)
  region size 1024K, 38 young (38912K), 5 survivors (5120K)
 Metaspace       used 109476K, committed 110272K, reserved 1179648K
  class space    used 14908K, committed 15296K, reserved 1048576K
}
Event: 63.123 GC heap after
{Heap after GC invocations=32 (full 0):
 garbage-first heap   total 220160K, used 146666K [0x0000000080000000, 0x0000000100000000)
  region size 1024K, 5 young (5120K), 5 survivors (5120K)
 Metaspace       used 109476K, committed 110272K, reserved 1179648K
  class space    used 14908K, committed 15296K, reserved 1048576K
}
Event: 63.935 GC heap before
{Heap before GC invocations=32 (full 0):
 garbage-first heap   total 220160K, used 179434K [0x0000000080000000, 0x0000000100000000)
  region size 1024K, 38 young (38912K), 5 survivors (5120K)
 Metaspace       used 109868K, committed 110720K, reserved 1179648K
  class space    used 14941K, committed 15360K, reserved 1048576K
}
Event: 63.947 GC heap after
{Heap after GC invocations=33 (full 0):
 garbage-first heap   total 220160K, used 149736K [0x0000000080000000, 0x0000000100000000)
  region size 1024K, 5 young (5120K), 5 survivors (5120K)
 Metaspace       used 109868K, committed 110720K, reserved 1179648K
  class space    used 14941K, committed 15360K, reserved 1048576K
}
Event: 64.553 GC heap before
{Heap before GC invocations=33 (full 0):
 garbage-first heap   total 220160K, used 180456K [0x0000000080000000, 0x0000000100000000)
  region size 1024K, 36 young (36864K), 5 survivors (5120K)
 Metaspace       used 110377K, committed 111168K, reserved 1179648K
  class space    used 15005K, committed 15424K, reserved 1048576K
}
Event: 64.563 GC heap after
{Heap after GC invocations=34 (full 0):
 garbage-first heap   total 220160K, used 153218K [0x0000000080000000, 0x0000000100000000)
  region size 1024K, 5 young (5120K), 5 survivors (5120K)
 Metaspace       used 110377K, committed 111168K, reserved 1179648K
  class space    used 15005K, committed 15424K, reserved 1048576K
}
Event: 84.306 GC heap before
{Heap before GC invocations=34 (full 0):
 garbage-first heap   total 220160K, used 180866K [0x0000000080000000, 0x0000000100000000)
  region size 1024K, 33 young (33792K), 5 survivors (5120K)
 Metaspace       used 110733K, committed 111488K, reserved 1179648K
  class space    used 15051K, committed 15424K, reserved 1048576K
}

